[debug] [2020-02-01T19:00:37.893Z] ----------------------------------------------------------------------
[debug] [2020-02-01T19:00:37.893Z] Command:       C:\Program Files\nodejs\node.exe C:\Users\zakea\AppData\Roaming\npm\node_modules\firebase-tools\lib\bin\firebase.js deploy
[debug] [2020-02-01T19:00:37.893Z] CLI Version:   7.12.1
[debug] [2020-02-01T19:00:37.893Z] Platform:      win32
[debug] [2020-02-01T19:00:37.893Z] Node Version:  v12.14.0
[debug] [2020-02-01T19:00:37.893Z] Time:          Sat Feb 01 2020 19:00:37 GMT+0000 (Greenwich Mean Time)
[debug] [2020-02-01T19:00:37.893Z] ----------------------------------------------------------------------
[debug] [2020-02-01T19:00:37.893Z] 
[debug] [2020-02-01T19:00:37.908Z] > command requires scopes: ["email","openid","https://www.googleapis.com/auth/cloudplatformprojects.readonly","https://www.googleapis.com/auth/firebase","https://www.googleapis.com/auth/cloud-platform"]
[debug] [2020-02-01T19:00:37.908Z] > authorizing via signed-in user
[debug] [2020-02-01T19:00:37.908Z] [iam] checking project exchange-a-gram-a9533 for permissions ["cloudfunctions.functions.create","cloudfunctions.functions.delete","cloudfunctions.functions.get","cloudfunctions.functions.list","cloudfunctions.functions.update","cloudfunctions.operations.get","firebase.projects.get","firebasehosting.sites.update"]
[debug] [2020-02-01T19:00:37.908Z] >>> HTTP REQUEST POST https://cloudresourcemanager.googleapis.com/v1/projects/exchange-a-gram-a9533:testIamPermissions  

[debug] [2020-02-01T19:00:38.694Z] <<< HTTP RESPONSE 200
[debug] [2020-02-01T19:00:38.696Z] >>> HTTP REQUEST GET https://firebase.googleapis.com/v1beta1/projects/exchange-a-gram-a9533  
 
[debug] [2020-02-01T19:00:38.925Z] <<< HTTP RESPONSE 200
[info] 
[info] === Deploying to 'exchange-a-gram-a9533'...
[info] 
[info] i  deploying functions, hosting
[info] Running command: npm --prefix "$RESOURCE_DIR" run lint
